<?xml version="1.0" encoding="UTF-8"?>
<testng-results ignored="0" total="2" passed="2" failed="0" skipped="0">
  <reporter-output>
  </reporter-output>
  <suite started-at="2022-09-03T17:11:32 IST" name="Default suite" finished-at="2022-09-03T17:11:52 IST" duration-ms="19964">
    <groups>
    </groups>
    <test started-at="2022-09-03T17:11:32 IST" name="Default test" finished-at="2022-09-03T17:11:52 IST" duration-ms="19964">
      <class name="com.Test.TestClass">
        <test-method is-config="true" signature="launchBrowser()[pri:0, instance:com.Test.TestClass@5ffead27]" started-at="2022-09-03T17:11:32 IST" name="launchBrowser" finished-at="2022-09-03T17:11:38 IST" duration-ms="6274" status="PASS">
          <reporter-output>
          </reporter-output>
        </test-method> <!-- launchBrowser -->
        <test-method is-config="true" signature="verifyLoginPage()[pri:0, instance:com.Test.TestClass@5ffead27]" started-at="2022-09-03T17:11:38 IST" name="verifyLoginPage" finished-at="2022-09-03T17:11:42 IST" duration-ms="3723" status="PASS">
          <reporter-output>
          </reporter-output>
        </test-method> <!-- verifyLoginPage -->
        <test-method signature="verifyBagPack()[pri:0, instance:com.Test.TestClass@5ffead27]" started-at="2022-09-03T17:11:42 IST" name="verifyBagPack" finished-at="2022-09-03T17:11:42 IST" duration-ms="82" status="PASS">
          <reporter-output>
          </reporter-output>
        </test-method> <!-- verifyBagPack -->
        <test-method is-config="true" signature="verifyLogOut(org.testng.ITestResult)[pri:0, instance:com.Test.TestClass@5ffead27]" started-at="2022-09-03T17:11:42 IST" name="verifyLogOut" finished-at="2022-09-03T17:11:46 IST" duration-ms="3325" status="PASS">
          <params>
            <param index="0">
              <value>
                <![CDATA[[TestResult name=verifyBagPack status=SUCCESS method=TestClass.verifyBagPack()[pri:0, instance:com.Test.TestClass@5ffead27] output={null}]]]>
              </value>
            </param>
          </params>
          <reporter-output>
          </reporter-output>
        </test-method> <!-- verifyLogOut -->
        <test-method is-config="true" signature="verifyLoginPage()[pri:0, instance:com.Test.TestClass@5ffead27]" started-at="2022-09-03T17:11:46 IST" name="verifyLoginPage" finished-at="2022-09-03T17:11:48 IST" duration-ms="2454" status="PASS">
          <reporter-output>
          </reporter-output>
        </test-method> <!-- verifyLoginPage -->
        <test-method signature="verifyBikeLight()[pri:0, instance:com.Test.TestClass@5ffead27]" started-at="2022-09-03T17:11:48 IST" name="verifyBikeLight" finished-at="2022-09-03T17:11:48 IST" duration-ms="121" status="PASS">
          <reporter-output>
          </reporter-output>
        </test-method> <!-- verifyBikeLight -->
        <test-method is-config="true" signature="verifyLogOut(org.testng.ITestResult)[pri:0, instance:com.Test.TestClass@5ffead27]" started-at="2022-09-03T17:11:48 IST" name="verifyLogOut" finished-at="2022-09-03T17:11:52 IST" duration-ms="3376" status="PASS">
          <params>
            <param index="0">
              <value>
                <![CDATA[[TestResult name=verifyBikeLight status=SUCCESS method=TestClass.verifyBikeLight()[pri:0, instance:com.Test.TestClass@5ffead27] output={null}]]]>
              </value>
            </param>
          </params>
          <reporter-output>
          </reporter-output>
        </test-method> <!-- verifyLogOut -->
        <test-method is-config="true" signature="closeBrowers()[pri:0, instance:com.Test.TestClass@5ffead27]" started-at="2022-09-03T17:11:52 IST" name="closeBrowers" finished-at="2022-09-03T17:11:52 IST" duration-ms="560" status="PASS">
          <reporter-output>
          </reporter-output>
        </test-method> <!-- closeBrowers -->
      </class> <!-- com.Test.TestClass -->
    </test> <!-- Default test -->
  </suite> <!-- Default suite -->
</testng-results>
